Using pre-set license
Built from '2020.3/staging' branch; Version is '2020.3.0f1 (c7b5465681fb) revision 13088070'; Using compiler version '192528614'; Build Type 'Release'
OS: 'Windows 10 Home; OS build 19042.928; Version 2009; 64bit' Language: 'en' Physical Memory: 16334 MB
BatchMode: 1, IsHumanControllingUs: 0, StartBugReporterOnCrash: 0, Is64bit: 1, IsPro: 0

 COMMAND LINE ARGUMENTS:
C:\Program Files\2020.3.0f1\Editor\Unity.exe
-adb2
-batchMode
-noUpm
-name
AssetImportWorker0
-projectPath
C:/Users/inbox/OneDrive/Documents/_Personal/Projects/Unity/Flip-Chess
-logFile
Logs/AssetImportWorker0.log
-srvPort
51644
Successfully changed project path to: C:/Users/inbox/OneDrive/Documents/_Personal/Projects/Unity/Flip-Chess
C:/Users/inbox/OneDrive/Documents/_Personal/Projects/Unity/Flip-Chess
Using Asset Import Pipeline V2.
Refreshing native plugins compatible for Editor in 21.61 ms, found 0 plugins.
Preloading 0 native plugins for Editor in 0.00 ms.
Initialize engine version: 2020.3.0f1 (c7b5465681fb)
[Subsystems] Discovering subsystems at path C:/Program Files/2020.3.0f1/Editor/Data/Resources/UnitySubsystems
[Subsystems] Discovering subsystems at path C:/Users/inbox/OneDrive/Documents/_Personal/Projects/Unity/Flip-Chess/Assets
GfxDevice: creating device client; threaded=0
Direct3D:
    Version:  Direct3D 11.0 [level 11.1]
    Renderer: NVIDIA GeForce GTX 1070 (ID=0x1b81)
    Vendor:   
    VRAM:     8088 MB
    Driver:   27.21.14.6589
Initialize mono
Mono path[0] = 'C:/Program Files/2020.3.0f1/Editor/Data/Managed'
Mono path[1] = 'C:/Program Files/2020.3.0f1/Editor/Data/MonoBleedingEdge/lib/mono/unityjit'
Mono config path = 'C:/Program Files/2020.3.0f1/Editor/Data/MonoBleedingEdge/etc'
Using monoOptions --debugger-agent=transport=dt_socket,embedding=1,server=y,suspend=n,address=127.0.0.1:56608
Begin MonoManager ReloadAssembly
Registering precompiled unity dll's ...
Register platform support module: C:/Program Files/2020.3.0f1/Editor/Data/PlaybackEngines/WebGLSupport/UnityEditor.WebGL.Extensions.dll
Register platform support module: C:/Program Files/2020.3.0f1/Editor/Data/PlaybackEngines/WindowsStandaloneSupport/UnityEditor.WindowsStandalone.Extensions.dll
Registered in 0.002642 seconds.
Native extension for WindowsStandalone target not found
Native extension for WebGL target not found
Refreshing native plugins compatible for Editor in 26.56 ms, found 0 plugins.
Preloading 0 native plugins for Editor in 0.00 ms.
Invoked RoslynAnalysisRunner static constructor.
RoslynAnalysisRunner will not be running.
RoslynAnalysisRunner has terminated.
Mono: successfully reloaded assembly
- Completed reload, in  0.956 seconds
Platform modules already initialized, skipping
Registering precompiled user dll's ...
Registered in 0.000576 seconds.
Begin MonoManager ReloadAssembly
Native extension for WindowsStandalone target not found
Native extension for WebGL target not found
Refreshing native plugins compatible for Editor in 0.38 ms, found 0 plugins.
Preloading 0 native plugins for Editor in 0.00 ms.
Invoked RoslynAnalysisRunner static constructor.
RoslynAnalysisRunner will not be running.
RoslynAnalysisRunner has terminated.
Mono: successfully reloaded assembly
- Completed reload, in  0.694 seconds
Platform modules already initialized, skipping
========================================================================
Worker process is ready to serve import requests
Launched and connected shader compiler UnityShaderCompiler.exe after 0.04 seconds
Refreshing native plugins compatible for Editor in 0.21 ms, found 0 plugins.
Preloading 0 native plugins for Editor in 0.00 ms.
Unloading 1210 Unused Serialized files (Serialized files now loaded: 0)
System memory in use before: 61.2 MB.
System memory in use after: 61.3 MB.

Unloading 13 unused Assets to reduce memory usage. Loaded Objects now: 1657.
Total: 1.444400 ms (FindLiveObjects: 0.150000 ms CreateObjectMapping: 0.028700 ms MarkObjects: 1.211900 ms  DeleteObjects: 0.052800 ms)

========================================================================
Received Import Request.
  path: Assets/Scripts/AI/AIPlayer.cs
  artifactKey: Guid(f8851ae4913bbf148a68f8bd7bd2d749) Importer(815301076,1909f56bfc062723c751e8b465ee728b)
Start importing Assets/Scripts/AI/AIPlayer.cs using Guid(f8851ae4913bbf148a68f8bd7bd2d749) Importer(815301076,1909f56bfc062723c751e8b465ee728b)  -> (artifact id: '2dfad9d3275a7a7c850badbfceadead2') in 0.021761 seconds
  Import took 0.025100 seconds .

========================================================================
Received Import Request.
  Time since last request: 71.213158 seconds.
  path: Assets/Scripts/AI/AIPlayer.cs
  artifactKey: Guid(f8851ae4913bbf148a68f8bd7bd2d749) Importer(815301076,1909f56bfc062723c751e8b465ee728b)
Start importing Assets/Scripts/AI/AIPlayer.cs using Guid(f8851ae4913bbf148a68f8bd7bd2d749) Importer(815301076,1909f56bfc062723c751e8b465ee728b)  -> (artifact id: 'd11d389a7720dd8aaec34bd8251d284d') in 0.002104 seconds
  Import took 0.005639 seconds .

========================================================================
Received Import Request.
  Time since last request: 189.860344 seconds.
  path: Assets/Scripts/AI/AIPlayer.cs
  artifactKey: Guid(f8851ae4913bbf148a68f8bd7bd2d749) Importer(815301076,1909f56bfc062723c751e8b465ee728b)
Start importing Assets/Scripts/AI/AIPlayer.cs using Guid(f8851ae4913bbf148a68f8bd7bd2d749) Importer(815301076,1909f56bfc062723c751e8b465ee728b)  -> (artifact id: '2e3ea0aff74b649162bb53faf9b39ae4') in 0.001999 seconds
  Import took 0.005695 seconds .

========================================================================
Received Import Request.
  Time since last request: 43.282287 seconds.
  path: Assets/Scripts/AI/AIPlayer.cs
  artifactKey: Guid(f8851ae4913bbf148a68f8bd7bd2d749) Importer(815301076,1909f56bfc062723c751e8b465ee728b)
Start importing Assets/Scripts/AI/AIPlayer.cs using Guid(f8851ae4913bbf148a68f8bd7bd2d749) Importer(815301076,1909f56bfc062723c751e8b465ee728b)  -> (artifact id: 'e46d9b1c6169315f4ef2cda33acc3636') in 0.002147 seconds
  Import took 0.005650 seconds .

========================================================================
Received Import Request.
  Time since last request: 23.067184 seconds.
  path: Assets/Scripts/AI/AIPlayer.cs
  artifactKey: Guid(f8851ae4913bbf148a68f8bd7bd2d749) Importer(815301076,1909f56bfc062723c751e8b465ee728b)
Start importing Assets/Scripts/AI/AIPlayer.cs using Guid(f8851ae4913bbf148a68f8bd7bd2d749) Importer(815301076,1909f56bfc062723c751e8b465ee728b)  -> (artifact id: '2180ad7e7b3b91293ea4a53cb61d7cfd') in 0.001988 seconds
  Import took 0.005648 seconds .

========================================================================
Received Import Request.
  Time since last request: 59.071705 seconds.
  path: Assets/Scripts/AI/AIPlayer.cs
  artifactKey: Guid(f8851ae4913bbf148a68f8bd7bd2d749) Importer(815301076,1909f56bfc062723c751e8b465ee728b)
Start importing Assets/Scripts/AI/AIPlayer.cs using Guid(f8851ae4913bbf148a68f8bd7bd2d749) Importer(815301076,1909f56bfc062723c751e8b465ee728b)  -> (artifact id: 'bace668187ba0ef5f1d7d45abee897f0') in 0.002020 seconds
  Import took 0.005698 seconds .

========================================================================
Received Import Request.
  Time since last request: 181.342308 seconds.
  path: Assets/Scripts/AI/AIPlayer.cs
  artifactKey: Guid(f8851ae4913bbf148a68f8bd7bd2d749) Importer(815301076,1909f56bfc062723c751e8b465ee728b)
Start importing Assets/Scripts/AI/AIPlayer.cs using Guid(f8851ae4913bbf148a68f8bd7bd2d749) Importer(815301076,1909f56bfc062723c751e8b465ee728b)  -> (artifact id: 'a78ea1457fc85b8142609a1d0bfe953f') in 0.002102 seconds
  Import took 0.005819 seconds .

========================================================================
Received Import Request.
  Time since last request: 31.129412 seconds.
  path: Assets/Scripts/AI/AIPlayer.cs
  artifactKey: Guid(f8851ae4913bbf148a68f8bd7bd2d749) Importer(815301076,1909f56bfc062723c751e8b465ee728b)
Start importing Assets/Scripts/AI/AIPlayer.cs using Guid(f8851ae4913bbf148a68f8bd7bd2d749) Importer(815301076,1909f56bfc062723c751e8b465ee728b)  -> (artifact id: '01fefb287441ff080bc193a4b98fecb4') in 0.002220 seconds
  Import took 0.005709 seconds .

========================================================================
Received Import Request.
  Time since last request: 2.525079 seconds.
  path: Assets/Scripts/AI/AIPlayer.cs
  artifactKey: Guid(f8851ae4913bbf148a68f8bd7bd2d749) Importer(815301076,1909f56bfc062723c751e8b465ee728b)
Start importing Assets/Scripts/AI/AIPlayer.cs using Guid(f8851ae4913bbf148a68f8bd7bd2d749) Importer(815301076,1909f56bfc062723c751e8b465ee728b)  -> (artifact id: '5cf7887162ebcac2c72e224ede56ed42') in 0.003737 seconds
  Import took 0.007489 seconds .

========================================================================
Received Import Request.
  Time since last request: 124.490171 seconds.
  path: Assets/Scripts/AI/AIPlayer.cs
  artifactKey: Guid(f8851ae4913bbf148a68f8bd7bd2d749) Importer(815301076,1909f56bfc062723c751e8b465ee728b)
Start importing Assets/Scripts/AI/AIPlayer.cs using Guid(f8851ae4913bbf148a68f8bd7bd2d749) Importer(815301076,1909f56bfc062723c751e8b465ee728b)  -> (artifact id: 'e7147a326075c4a41884011296c17b11') in 0.002036 seconds
  Import took 0.005655 seconds .

========================================================================
Received Import Request.
  Time since last request: 145.703903 seconds.
  path: Assets/Scripts/AI/AIPlayer.cs
  artifactKey: Guid(f8851ae4913bbf148a68f8bd7bd2d749) Importer(815301076,1909f56bfc062723c751e8b465ee728b)
Start importing Assets/Scripts/AI/AIPlayer.cs using Guid(f8851ae4913bbf148a68f8bd7bd2d749) Importer(815301076,1909f56bfc062723c751e8b465ee728b)  -> (artifact id: '7cb9a03ed632337b7513fdec91d743c1') in 0.001958 seconds
  Import took 0.005811 seconds .

